<?xml version="1.0" encoding="UTF-8"?>
<!-- Generated by org.testng.reporters.JUnitXMLReporter -->
<testsuite ignored="0" hostname="LAPTOP-5BQ8UDAV" failures="7" tests="11" name="test1" time="95.202" errors="0" timestamp="2020-11-27T15:16:06 CST">
  <testcase classname="com.webtest.demo.Admin_SystemManagement_Base" name="demo1" time="12.805"/>
  <testcase classname="com.webtest.demo.Admin_SystemManagement_Base" name="demo10" time="26.183"/>
  <testcase classname="com.webtest.demo.Admin_SystemManagement_Base" name="demo11" time="2.266">
    <failure type="java.lang.AssertionError" message="expected [false] but found [true]">
      <![CDATA[java.lang.AssertionError: expected [false] but found [true]
at com.webtest.demo.Admin_SystemManagement_Base.demo11(Admin_SystemManagement_Base.java:160)
at java.base/java.util.ArrayList.forEach(ArrayList.java:1540)
... Removed 31 stack frames]]>
    </failure>
  </testcase> <!-- demo11 -->
  <testcase classname="com.webtest.demo.Admin_SystemManagement_Base" name="demo2" time="2.119">
    <failure type="java.lang.AssertionError" message="expected [true] but found [false]">
      <![CDATA[java.lang.AssertionError: expected [true] but found [false]
at com.webtest.demo.Admin_SystemManagement_Base.demo2(Admin_SystemManagement_Base.java:49)
at java.base/java.util.ArrayList.forEach(ArrayList.java:1540)
... Removed 31 stack frames]]>
    </failure>
  </testcase> <!-- demo2 -->
  <testcase classname="com.webtest.demo.Admin_SystemManagement_Base" name="demo3" time="2.088">
    <failure type="java.lang.AssertionError" message="expected [true] but found [false]">
      <![CDATA[java.lang.AssertionError: expected [true] but found [false]
at com.webtest.demo.Admin_SystemManagement_Base.demo3(Admin_SystemManagement_Base.java:59)
at java.base/java.util.ArrayList.forEach(ArrayList.java:1540)
... Removed 31 stack frames]]>
    </failure>
  </testcase> <!-- demo3 -->
  <testcase classname="com.webtest.demo.Admin_SystemManagement_Base" name="demo4" time="9.707">
    <failure type="java.lang.AssertionError" message="expected [true] but found [false]">
      <![CDATA[java.lang.AssertionError: expected [true] but found [false]
at com.webtest.demo.Admin_SystemManagement_Base.demo4(Admin_SystemManagement_Base.java:71)
at java.base/java.util.ArrayList.forEach(ArrayList.java:1540)
... Removed 31 stack frames]]>
    </failure>
  </testcase> <!-- demo4 -->
  <testcase classname="com.webtest.demo.Admin_SystemManagement_Base" name="demo5" time="2.182"/>
  <testcase classname="com.webtest.demo.Admin_SystemManagement_Base" name="demo6" time="2.181">
    <failure type="java.lang.AssertionError" message="expected [true] but found [false]">
      <![CDATA[java.lang.AssertionError: expected [true] but found [false]
at com.webtest.demo.Admin_SystemManagement_Base.demo6(Admin_SystemManagement_Base.java:101)
at java.base/java.util.ArrayList.forEach(ArrayList.java:1540)
... Removed 31 stack frames]]>
    </failure>
  </testcase> <!-- demo6 -->
  <testcase classname="com.webtest.demo.Admin_SystemManagement_Base" name="demo7" time="2.156">
    <failure type="java.lang.AssertionError" message="expected [true] but found [false]">
      <![CDATA[java.lang.AssertionError: expected [true] but found [false]
at com.webtest.demo.Admin_SystemManagement_Base.demo7(Admin_SystemManagement_Base.java:112)
at java.base/java.util.ArrayList.forEach(ArrayList.java:1540)
... Removed 31 stack frames]]>
    </failure>
  </testcase> <!-- demo7 -->
  <testcase classname="com.webtest.demo.Admin_SystemManagement_Base" name="demo8" time="7.744"/>
  <testcase classname="com.webtest.demo.Admin_SystemManagement_Base" name="demo9" time="9.716">
    <failure type="java.lang.AssertionError" message="expected [true] but found [false]">
      <![CDATA[java.lang.AssertionError: expected [true] but found [false]
at com.webtest.demo.Admin_SystemManagement_Base.demo9(Admin_SystemManagement_Base.java:134)
at java.base/java.util.ArrayList.forEach(ArrayList.java:1540)
... Removed 31 stack frames]]>
    </failure>
  </testcase> <!-- demo9 -->
</testsuite> <!-- test1 -->
