<?xml version="1.0" encoding="UTF-8"?>
<testng-results skipped="0" failed="0" ignored="10" total="11" passed="1">
  <reporter-output>
  </reporter-output>
  <suite name="Default suite" duration-ms="57073" started-at="2020-11-23T14:11:36 CST" finished-at="2020-11-23T14:12:33 CST">
    <groups>
    </groups>
    <test name="Default test" duration-ms="57073" started-at="2020-11-23T14:11:36 CST" finished-at="2020-11-23T14:12:33 CST">
      <class name="com.webtest.demo.BaseInformation">
        <test-method status="PASS" signature="doBeforeClass()[pri:0, instance:com.webtest.demo.BaseInformation@1f554b06]" name="doBeforeClass" is-config="true" duration-ms="19785" started-at="2020-11-23T14:11:36 CST" finished-at="2020-11-23T14:11:55 CST">
          <reporter-output>
          </reporter-output>
        </test-method> <!-- doBeforeClass -->
        <test-method status="PASS" signature="demo9()[pri:0, instance:com.webtest.demo.BaseInformation@1f554b06]" name="demo9" duration-ms="35457" started-at="2020-11-23T14:11:55 CST" finished-at="2020-11-23T14:12:31 CST">
          <reporter-output>
          </reporter-output>
        </test-method> <!-- demo9 -->
        <test-method status="PASS" signature="doAfterMethod()[pri:0, instance:com.webtest.demo.BaseInformation@1f554b06]" name="doAfterMethod" is-config="true" duration-ms="1798" started-at="2020-11-23T14:12:31 CST" finished-at="2020-11-23T14:12:33 CST">
          <reporter-output>
          </reporter-output>
        </test-method> <!-- doAfterMethod -->
      </class> <!-- com.webtest.demo.BaseInformation -->
    </test> <!-- Default test -->
  </suite> <!-- Default suite -->
</testng-results>
