<?xml version="1.0" encoding="UTF-8"?>
<testng-results skipped="0" failed="0" ignored="0" total="3" passed="3">
  <reporter-output>
  </reporter-output>
  <suite name="Default suite" duration-ms="56153" started-at="2020-11-22T14:14:20 CST" finished-at="2020-11-22T14:15:16 CST">
    <groups>
    </groups>
    <test name="Default test" duration-ms="56153" started-at="2020-11-22T14:14:20 CST" finished-at="2020-11-22T14:15:16 CST">
      <class name="com.xyc.test.AddTextKind">
        <test-method status="PASS" signature="start()[pri:0, instance:com.xyc.test.AddTextKind@184f6be2]" name="start" is-config="true" duration-ms="24964" started-at="2020-11-22T14:13:55 CST" finished-at="2020-11-22T14:14:20 CST">
          <reporter-output>
          </reporter-output>
        </test-method> <!-- start -->
        <test-method status="PASS" signature="loginFirst()[pri:0, instance:com.xyc.test.AddTextKind@184f6be2]" name="loginFirst" is-config="true" duration-ms="13773" started-at="2020-11-22T14:14:20 CST" finished-at="2020-11-22T14:14:33 CST">
          <reporter-output>
          </reporter-output>
        </test-method> <!-- loginFirst -->
        <test-method status="PASS" signature="AddKind1()[pri:1, instance:com.xyc.test.AddTextKind@184f6be2]" name="AddKind1" duration-ms="15217" started-at="2020-11-22T14:14:33 CST" finished-at="2020-11-22T14:14:49 CST">
          <reporter-output>
          </reporter-output>
        </test-method> <!-- AddKind1 -->
        <test-method status="PASS" signature="AddKind2()[pri:2, instance:com.xyc.test.AddTextKind@184f6be2]" name="AddKind2" duration-ms="13357" started-at="2020-11-22T14:14:49 CST" finished-at="2020-11-22T14:15:02 CST">
          <reporter-output>
          </reporter-output>
        </test-method> <!-- AddKind2 -->
        <test-method status="PASS" signature="AddKind3()[pri:3, instance:com.xyc.test.AddTextKind@184f6be2]" name="AddKind3" duration-ms="13770" started-at="2020-11-22T14:15:02 CST" finished-at="2020-11-22T14:15:16 CST">
          <reporter-output>
          </reporter-output>
        </test-method> <!-- AddKind3 -->
        <test-method status="PASS" signature="end()[pri:0, instance:com.xyc.test.AddTextKind@184f6be2]" name="end" is-config="true" duration-ms="3145" started-at="2020-11-22T14:15:16 CST" finished-at="2020-11-22T14:15:19 CST">
          <reporter-output>
          </reporter-output>
        </test-method> <!-- end -->
      </class> <!-- com.xyc.test.AddTextKind -->
    </test> <!-- Default test -->
  </suite> <!-- Default suite -->
</testng-results>
